<?xml version="1.0" encoding="UTF-8"?>
<!-- Generated by org.testng.reporters.JUnitReportReporter -->
<testsuite hostname="DESKTOP-MQCO2Q9" failures="0" tests="1" name="reqres.apiTesting1" time="4.904" errors="0" timestamp="2025-04-18T18:36:34 IST" skipped="0">
  <testcase classname="reqres.apiTesting1" name="postapi" time="4.904"/>
</testsuite> <!-- reqres.apiTesting1 -->
